2024-06-13 09:07:03,018 - eeg: torch.Size([16000, 63, 250])
2024-06-13 09:07:03,019 - label: (16000,)
2024-06-13 09:07:03,019 - img: (16000,)
2024-06-13 09:07:03,019 - text: (16000,)
2024-06-13 09:07:03,019 - session: (16000,)
2024-06-13 09:07:23,481 - eeg: torch.Size([66160, 63, 250])
2024-06-13 09:07:23,482 - label: (66160,)
2024-06-13 09:07:23,482 - img: (66160,)
2024-06-13 09:07:23,482 - text: (66160,)
2024-06-13 09:07:23,483 - session: (66160,)
2024-06-13 09:07:25,399 - eeg: torch.Size([200, 63, 250])
2024-06-13 09:07:25,399 - label: (200,)
2024-06-13 09:07:25,399 - img: (200,)
2024-06-13 09:07:25,399 - text: (200,)
2024-06-13 09:07:25,399 - session: (200, 80)
2024-06-13 09:07:29,452 - eeg: torch.Size([1654, 63, 250])
2024-06-13 09:07:29,452 - label: (1654,)
2024-06-13 09:07:29,452 - img: (1654,)
2024-06-13 09:07:29,452 - text: (1654,)
2024-06-13 09:07:29,453 - session: (1654, 40)
2024-06-13 09:15:27,875 - eeg: torch.Size([16000, 63, 250])
2024-06-13 09:15:27,875 - label: (16000,)
2024-06-13 09:15:27,875 - img: (16000,)
2024-06-13 09:15:27,875 - text: (16000,)
2024-06-13 09:15:27,875 - session: (16000,)
2024-06-13 09:16:07,050 - eeg: torch.Size([66160, 63, 250])
2024-06-13 09:16:07,051 - label: (66160,)
2024-06-13 09:16:07,051 - img: (66160,)
2024-06-13 09:16:07,051 - text: (66160,)
2024-06-13 09:16:07,051 - session: (66160,)
2024-06-13 09:16:53,031 - eeg: torch.Size([16000, 63, 250])
2024-06-13 09:16:53,031 - label: (16000,)
2024-06-13 09:16:53,031 - img: (16000,)
2024-06-13 09:16:53,031 - text: (16000,)
2024-06-13 09:16:53,031 - session: (16000,)
2024-06-13 09:16:59,770 - eeg: torch.Size([66160, 63, 250])
2024-06-13 09:16:59,771 - label: (66160,)
2024-06-13 09:16:59,771 - img: (66160,)
2024-06-13 09:16:59,771 - text: (66160,)
2024-06-13 09:16:59,771 - session: (66160,)
2024-06-13 09:17:01,555 - eeg: torch.Size([200, 63, 250])
2024-06-13 09:17:01,555 - label: (200,)
2024-06-13 09:17:01,555 - img: (200,)
2024-06-13 09:17:01,555 - text: (200,)
2024-06-13 09:17:01,555 - session: (200, 80)
2024-06-13 09:17:57,037 - eeg: torch.Size([16000, 63, 250])
2024-06-13 09:17:57,038 - label: (16000,)
2024-06-13 09:17:57,038 - img: (16000,)
2024-06-13 09:17:57,038 - text: (16000,)
2024-06-13 09:17:57,038 - session: (16000,)
2024-06-13 09:43:14,814 - eeg: torch.Size([16000, 63, 250])
2024-06-13 09:43:14,814 - label: (16000,)
2024-06-13 09:43:14,814 - img: (16000,)
2024-06-13 09:43:14,814 - text: (16000,)
2024-06-13 09:43:14,814 - session: (16000,)
2024-06-13 09:43:20,759 - eeg: torch.Size([4168080, 250])
2024-06-13 09:43:20,760 - label: (66160,)
2024-06-13 09:43:20,760 - img: (66160,)
2024-06-13 09:43:20,760 - text: (66160,)
2024-06-13 09:43:20,760 - session: (66160,)
2024-06-13 09:43:22,405 - eeg: torch.Size([200, 63, 250])
2024-06-13 09:43:22,406 - label: (200,)
2024-06-13 09:43:22,406 - img: (200,)
2024-06-13 09:43:22,406 - text: (200,)
2024-06-13 09:43:22,406 - session: (200, 80)
2024-06-13 09:45:59,850 - eeg: torch.Size([16000, 63, 250])
2024-06-13 09:45:59,850 - label: (16000,)
2024-06-13 09:45:59,850 - img: (16000,)
2024-06-13 09:45:59,850 - text: (16000,)
2024-06-13 09:45:59,850 - session: (16000,)
2024-06-13 09:46:04,818 - eeg: torch.Size([4168080, 250])
2024-06-13 09:46:04,818 - label: (66160,)
2024-06-13 09:46:04,818 - img: (66160,)
2024-06-13 09:46:04,818 - text: (66160,)
2024-06-13 09:46:04,818 - session: (66160,)
2024-06-13 09:46:06,445 - eeg: torch.Size([200, 63, 250])
2024-06-13 09:46:06,446 - label: (200,)
2024-06-13 09:46:06,446 - img: (200,)
2024-06-13 09:46:06,446 - text: (200,)
2024-06-13 09:46:06,446 - session: (200, 80)
2024-06-13 09:51:10,235 - eeg: torch.Size([16000, 63, 250])
2024-06-13 09:51:10,235 - label: (16000,)
2024-06-13 09:51:10,236 - img: (16000,)
2024-06-13 09:51:10,236 - text: (16000,)
2024-06-13 09:51:10,236 - session: (16000,)
2024-06-13 09:51:15,431 - eeg: torch.Size([4168080, 250])
2024-06-13 09:51:15,431 - label: (66160,)
2024-06-13 09:51:15,431 - img: (66160,)
2024-06-13 09:51:15,431 - text: (66160,)
2024-06-13 09:51:15,431 - session: (66160,)
2024-06-13 09:51:16,965 - eeg: torch.Size([200, 63, 250])
2024-06-13 09:51:16,965 - label: (200,)
2024-06-13 09:51:16,965 - img: (200,)
2024-06-13 09:51:16,965 - text: (200,)
2024-06-13 09:51:16,965 - session: (200, 80)
2024-06-13 09:51:39,651 - eeg: torch.Size([16000, 63, 250])
2024-06-13 09:51:39,651 - label: (16000,)
2024-06-13 09:51:39,651 - img: (16000,)
2024-06-13 09:51:39,651 - text: (16000,)
2024-06-13 09:51:39,651 - session: (16000,)
2024-06-13 09:51:44,508 - eeg: torch.Size([66160, 63, 250])
2024-06-13 09:51:44,529 - label: (66160,)
2024-06-13 09:51:44,529 - img: (66160,)
2024-06-13 09:51:44,529 - text: (66160,)
2024-06-13 09:51:44,529 - session: (66160,)
2024-06-13 09:51:46,376 - eeg: torch.Size([200, 63, 250])
2024-06-13 09:51:46,377 - label: (200,)
2024-06-13 09:51:46,377 - img: (200,)
2024-06-13 09:51:46,377 - text: (200,)
2024-06-13 09:51:46,377 - session: (200, 80)
2024-06-13 09:51:49,816 - eeg: torch.Size([16540, 63, 250])
2024-06-13 09:51:49,817 - label: (16540,)
2024-06-13 09:51:49,817 - img: (16540,)
2024-06-13 09:51:49,817 - text: (16540,)
2024-06-13 09:51:49,817 - session: (16540, 4)
