2024-07-07 13:28:29,593 - -------------------------START-------------------------
2024-07-07 13:28:29,595 - CONFIG: {'data_dir': '/dev/shm/wht/datasets/things-eeg-small/Preprocessed_data_250Hz_whiten', 'exp_root': './exp', 'device': device(type='cuda', index=0), 'name': 'train_model_plot_subject', 'lr': 0.0001, 'epochs': 100, 'batch_size': 1024, 'model_type': 'ViT-B-32', 'latend_dim': 512, 'logger': True, 'subjects': ['sub-08'], 'eeg_model': {'name': 'ProjectLayer', 'args': {'embedding_dim': 4250, 'proj_dim': 512}}, 'exp_dir': './exp/train_model_plot_subject'}
2024-07-07 13:29:28,021 - -------------------------START-------------------------
2024-07-07 13:29:28,023 - CONFIG: {'data_dir': '/dev/shm/wht/datasets/things-eeg-small/Preprocessed_data_250Hz_whiten', 'exp_root': './exp', 'device': device(type='cuda', index=0), 'name': 'train_model_plot_subject', 'lr': 0.0001, 'epochs': 100, 'batch_size': 1024, 'model_type': 'ViT-B-32', 'latend_dim': 512, 'logger': True, 'subjects': ['sub-08'], 'eeg_model': {'name': 'ProjectLayer', 'args': {'embedding_dim': 4250, 'proj_dim': 512}}, 'exp_dir': './exp/train_model_plot_subject'}
2024-07-07 13:29:28,829 - eeg: torch.Size([200, 17, 250])
2024-07-07 13:29:28,832 - label: (200,)
2024-07-07 13:29:28,833 - img: (200,)
2024-07-07 13:29:28,834 - text: (200,)
2024-07-07 13:29:28,835 - session: (200, 80)
2024-07-07 13:29:35,275 - eeg: torch.Size([66160, 17, 250])
2024-07-07 13:29:35,278 - label: (66160,)
2024-07-07 13:29:35,279 - img: (66160,)
2024-07-07 13:29:35,280 - text: (66160,)
2024-07-07 13:29:35,281 - session: (66160,)
2024-07-07 13:29:36,361 - train num: 66160, test num: 200
2024-07-07 13:29:36,384 - eeg_model:ProjectLayer(
  (model): Sequential(
    (0): Linear(in_features=4250, out_features=512, bias=True)
    (1): ResidualAdd(
      (f): Sequential(
        (0): GELU(approximate='none')
        (1): Linear(in_features=512, out_features=512, bias=True)
        (2): Dropout(p=0.3, inplace=False)
      )
    )
    (2): LayerNorm((512,), eps=1e-05, elementwise_affine=True)
  )
)
2024-07-07 13:29:36,385 - Number of parameters: 2440193
